{"/workspaces/trade-tracker/frontend/src/apiClient.js": {"path":"/workspaces/trade-tracker/frontend/src/apiClient.js","statementMap":{"0":{"start":{"line":18,"column":14},"end":{"line":21,"column":4}},"1":{"start":{"line":23,"column":22},"end":{"line":23,"column":59}},"2":{"start":{"line":24,"column":13},"end":{"line":24,"column":17}},"3":{"start":{"line":28,"column":2},"end":{"line":45,"column":null}},"4":{"start":{"line":29,"column":4},"end":{"line":38,"column":null}},"5":{"start":{"line":30,"column":6},"end":{"line":35,"column":null}},"6":{"start":{"line":31,"column":8},"end":{"line":31,"column":31}},"7":{"start":{"line":34,"column":8},"end":{"line":34,"column":31}},"8":{"start":{"line":37,"column":6},"end":{"line":37,"column":18}},"9":{"start":{"line":41,"column":16},"end":{"line":41,"column":49}},"10":{"start":{"line":42,"column":4},"end":{"line":42,"column":null}},"11":{"start":{"line":43,"column":4},"end":{"line":43,"column":null}},"12":{"start":{"line":44,"column":4},"end":{"line":44,"column":null}},"13":{"start":{"line":58,"column":15},"end":{"line":58,"column":29}},"14":{"start":{"line":63,"column":4},"end":{"line":65,"column":28}},"15":{"start":{"line":68,"column":25},"end":{"line":70,"column":3}},"16":{"start":{"line":69,"column":11},"end":{"line":69,"column":null}},"17":{"start":{"line":76,"column":21},"end":{"line":76,"column":85}},"18":{"start":{"line":77,"column":28},"end":{"line":77,"column":106}},"19":{"start":{"line":79,"column":4},"end":{"line":81,"column":35}},"20":{"start":{"line":89,"column":4},"end":{"line":93,"column":13}},"21":{"start":{"line":96,"column":18},"end":{"line":96,"column":43}},"22":{"start":{"line":100,"column":2},"end":{"line":103,"column":null}},"23":{"start":{"line":101,"column":4},"end":{"line":101,"column":null}},"24":{"start":{"line":102,"column":4},"end":{"line":102,"column":null}},"25":{"start":{"line":106,"column":2},"end":{"line":106,"column":null}},"26":{"start":{"line":109,"column":2},"end":{"line":111,"column":null}},"27":{"start":{"line":110,"column":4},"end":{"line":110,"column":null}},"28":{"start":{"line":113,"column":14},"end":{"line":113,"column":52}},"29":{"start":{"line":115,"column":22},"end":{"line":115,"column":59}},"30":{"start":{"line":119,"column":2},"end":{"line":168,"column":null}},"31":{"start":{"line":122,"column":4},"end":{"line":138,"column":null}},"32":{"start":{"line":123,"column":6},"end":{"line":132,"column":null}},"33":{"start":{"line":124,"column":8},"end":{"line":124,"column":null}},"34":{"start":{"line":127,"column":20},"end":{"line":127,"column":72}},"35":{"start":{"line":128,"column":8},"end":{"line":128,"column":null}},"36":{"start":{"line":129,"column":8},"end":{"line":129,"column":null}},"37":{"start":{"line":130,"column":8},"end":{"line":130,"column":null}},"38":{"start":{"line":131,"column":8},"end":{"line":131,"column":null}},"39":{"start":{"line":137,"column":6},"end":{"line":137,"column":null}},"40":{"start":{"line":147,"column":18},"end":{"line":147,"column":22}},"41":{"start":{"line":148,"column":4},"end":{"line":156,"column":null}},"42":{"start":{"line":149,"column":6},"end":{"line":153,"column":null}},"43":{"start":{"line":150,"column":8},"end":{"line":150,"column":null}},"44":{"start":{"line":152,"column":8},"end":{"line":152,"column":null}},"45":{"start":{"line":158,"column":16},"end":{"line":158,"column":69}},"46":{"start":{"line":159,"column":4},"end":{"line":159,"column":null}},"47":{"start":{"line":160,"column":4},"end":{"line":160,"column":null}},"48":{"start":{"line":163,"column":4},"end":{"line":165,"column":null}},"49":{"start":{"line":164,"column":6},"end":{"line":164,"column":null}},"50":{"start":{"line":167,"column":4},"end":{"line":167,"column":null}},"51":{"start":{"line":171,"column":2},"end":{"line":171,"column":null}},"52":{"start":{"line":171,"column":48},"end":{"line":171,"column":null}},"53":{"start":{"line":172,"column":2},"end":{"line":172,"column":null}},"54":{"start":{"line":172,"column":48},"end":{"line":172,"column":null}},"55":{"start":{"line":173,"column":2},"end":{"line":173,"column":null}},"56":{"start":{"line":179,"column":2},"end":{"line":179,"column":null}}},"fnMap":{"0":{"name":"refreshAccessToken","decl":{"start":{"line":15,"column":15},"end":{"line":15,"column":33}},"loc":{"start":{"line":15,"column":36},"end":{"line":47,"column":null}},"line":15},"1":{"name":"doApiFetch","decl":{"start":{"line":51,"column":15},"end":{"line":51,"column":25}},"loc":{"start":{"line":51,"column":89},"end":{"line":174,"column":null}},"line":51},"2":{"name":"(anonymous_2)","decl":{"start":{"line":69,"column":4},"end":{"line":69,"column":5}},"loc":{"start":{"line":69,"column":11},"end":{"line":69,"column":null}},"line":69},"3":{"name":"apiFetch","decl":{"start":{"line":178,"column":22},"end":{"line":178,"column":30}},"loc":{"start":{"line":178,"column":51},"end":{"line":180,"column":null}},"line":178}},"branchMap":{"0":{"loc":{"start":{"line":23,"column":22},"end":{"line":23,"column":59}},"type":"binary-expr","locations":[{"start":{"line":23,"column":22},"end":{"line":23,"column":53}},{"start":{"line":23,"column":57},"end":{"line":23,"column":59}}],"line":23},"1":{"loc":{"start":{"line":28,"column":2},"end":{"line":45,"column":null}},"type":"if","locations":[{"start":{"line":28,"column":2},"end":{"line":45,"column":null}},{"start":{},"end":{}}],"line":28},"2":{"loc":{"start":{"line":30,"column":6},"end":{"line":35,"column":null}},"type":"if","locations":[{"start":{"line":30,"column":6},"end":{"line":35,"column":null}},{"start":{"line":33,"column":11},"end":{"line":35,"column":null}}],"line":30},"3":{"loc":{"start":{"line":51,"column":32},"end":{"line":51,"column":44}},"type":"default-arg","locations":[{"start":{"line":51,"column":42},"end":{"line":51,"column":44}}],"line":51},"4":{"loc":{"start":{"line":51,"column":46},"end":{"line":51,"column":87}},"type":"default-arg","locations":[{"start":{"line":51,"column":65},"end":{"line":51,"column":87}}],"line":51},"5":{"loc":{"start":{"line":63,"column":4},"end":{"line":65,"column":28}},"type":"cond-expr","locations":[{"start":{"line":64,"column":8},"end":{"line":64,"column":50}},{"start":{"line":65,"column":9},"end":{"line":65,"column":27}}],"line":63},"6":{"loc":{"start":{"line":65,"column":9},"end":{"line":65,"column":27}},"type":"binary-expr","locations":[{"start":{"line":65,"column":9},"end":{"line":65,"column":21}},{"start":{"line":65,"column":25},"end":{"line":65,"column":27}}],"line":65},"7":{"loc":{"start":{"line":76,"column":21},"end":{"line":76,"column":85}},"type":"binary-expr","locations":[{"start":{"line":76,"column":21},"end":{"line":76,"column":52}},{"start":{"line":76,"column":56},"end":{"line":76,"column":85}}],"line":76},"8":{"loc":{"start":{"line":77,"column":28},"end":{"line":77,"column":106}},"type":"binary-expr","locations":[{"start":{"line":77,"column":28},"end":{"line":77,"column":66}},{"start":{"line":77,"column":70},"end":{"line":77,"column":106}}],"line":77},"9":{"loc":{"start":{"line":79,"column":4},"end":{"line":81,"column":35}},"type":"binary-expr","locations":[{"start":{"line":79,"column":4},"end":{"line":79,"column":29}},{"start":{"line":80,"column":4},"end":{"line":80,"column":36}},{"start":{"line":81,"column":4},"end":{"line":81,"column":35}}],"line":79},"10":{"loc":{"start":{"line":89,"column":4},"end":{"line":93,"column":13}},"type":"binary-expr","locations":[{"start":{"line":89,"column":4},"end":{"line":89,"column":21}},{"start":{"line":90,"column":4},"end":{"line":90,"column":33}},{"start":{"line":91,"column":4},"end":{"line":91,"column":15}},{"start":{"line":92,"column":4},"end":{"line":92,"column":22}},{"start":{"line":93,"column":4},"end":{"line":93,"column":13}}],"line":89},"11":{"loc":{"start":{"line":100,"column":2},"end":{"line":103,"column":null}},"type":"if","locations":[{"start":{"line":100,"column":2},"end":{"line":103,"column":null}},{"start":{},"end":{}}],"line":100},"12":{"loc":{"start":{"line":100,"column":6},"end":{"line":100,"column":40}},"type":"binary-expr","locations":[{"start":{"line":100,"column":6},"end":{"line":100,"column":21}},{"start":{"line":100,"column":25},"end":{"line":100,"column":40}}],"line":100},"13":{"loc":{"start":{"line":109,"column":2},"end":{"line":111,"column":null}},"type":"if","locations":[{"start":{"line":109,"column":2},"end":{"line":111,"column":null}},{"start":{},"end":{}}],"line":109},"14":{"loc":{"start":{"line":115,"column":22},"end":{"line":115,"column":59}},"type":"binary-expr","locations":[{"start":{"line":115,"column":22},"end":{"line":115,"column":53}},{"start":{"line":115,"column":57},"end":{"line":115,"column":59}}],"line":115},"15":{"loc":{"start":{"line":119,"column":2},"end":{"line":168,"column":null}},"type":"if","locations":[{"start":{"line":119,"column":2},"end":{"line":168,"column":null}},{"start":{},"end":{}}],"line":119},"16":{"loc":{"start":{"line":122,"column":4},"end":{"line":138,"column":null}},"type":"if","locations":[{"start":{"line":122,"column":4},"end":{"line":138,"column":null}},{"start":{},"end":{}}],"line":122},"17":{"loc":{"start":{"line":122,"column":8},"end":{"line":122,"column":42}},"type":"binary-expr","locations":[{"start":{"line":122,"column":8},"end":{"line":122,"column":26}},{"start":{"line":122,"column":30},"end":{"line":122,"column":42}}],"line":122},"18":{"loc":{"start":{"line":130,"column":19},"end":{"line":130,"column":42}},"type":"binary-expr","locations":[{"start":{"line":130,"column":19},"end":{"line":130,"column":34}},{"start":{"line":130,"column":38},"end":{"line":130,"column":42}}],"line":130},"19":{"loc":{"start":{"line":149,"column":6},"end":{"line":153,"column":null}},"type":"if","locations":[{"start":{"line":149,"column":6},"end":{"line":153,"column":null}},{"start":{"line":151,"column":13},"end":{"line":153,"column":null}}],"line":149},"20":{"loc":{"start":{"line":163,"column":4},"end":{"line":165,"column":null}},"type":"if","locations":[{"start":{"line":163,"column":4},"end":{"line":165,"column":null}},{"start":{},"end":{}}],"line":163},"21":{"loc":{"start":{"line":163,"column":8},"end":{"line":163,"column":43}},"type":"binary-expr","locations":[{"start":{"line":163,"column":8},"end":{"line":163,"column":26}},{"start":{"line":163,"column":30},"end":{"line":163,"column":43}}],"line":163},"22":{"loc":{"start":{"line":171,"column":2},"end":{"line":171,"column":null}},"type":"if","locations":[{"start":{"line":171,"column":2},"end":{"line":171,"column":null}},{"start":{},"end":{}}],"line":171},"23":{"loc":{"start":{"line":171,"column":6},"end":{"line":171,"column":46}},"type":"binary-expr","locations":[{"start":{"line":171,"column":6},"end":{"line":171,"column":24}},{"start":{"line":171,"column":28},"end":{"line":171,"column":46}}],"line":171},"24":{"loc":{"start":{"line":172,"column":2},"end":{"line":172,"column":null}},"type":"if","locations":[{"start":{"line":172,"column":2},"end":{"line":172,"column":null}},{"start":{},"end":{}}],"line":172},"25":{"loc":{"start":{"line":178,"column":37},"end":{"line":178,"column":49}},"type":"default-arg","locations":[{"start":{"line":178,"column":47},"end":{"line":178,"column":49}}],"line":178}},"s":{"0":2,"1":2,"2":2,"3":2,"4":1,"5":1,"6":1,"7":0,"8":0,"9":1,"10":1,"11":1,"12":1,"13":4,"14":4,"15":4,"16":0,"17":4,"18":4,"19":4,"20":4,"21":4,"22":4,"23":1,"24":1,"25":4,"26":4,"27":4,"28":4,"29":4,"30":4,"31":2,"32":2,"33":2,"34":1,"35":1,"36":1,"37":1,"38":1,"39":1,"40":0,"41":0,"42":0,"43":0,"44":0,"45":0,"46":0,"47":0,"48":0,"49":0,"50":0,"51":2,"52":0,"53":2,"54":2,"55":0,"56":3},"f":{"0":2,"1":4,"2":0,"3":3},"b":{"0":[2,0],"1":[1,1],"2":[1,0],"3":[4],"4":[4],"5":[0,4],"6":[4,4],"7":[4,4],"8":[4,4],"9":[4,4,4],"10":[4,1,1,1,1],"11":[1,3],"12":[4,1],"13":[4,0],"14":[4,0],"15":[2,2],"16":[2,0],"17":[2,2],"18":[1,0],"19":[0,0],"20":[0,0],"21":[0,0],"22":[0,2],"23":[2,2],"24":[2,0],"25":[3]},"meta":{"lastBranch":26,"lastFunction":4,"lastStatement":57,"seen":{"f:15:15:15:33":0,"s:18:14:21:4":0,"s:23:22:23:59":1,"b:23:22:23:53:23:57:23:59":0,"s:24:13:24:17":2,"b:28:2:45:Infinity:undefined:undefined:undefined:undefined":1,"s:28:2:45:Infinity":3,"s:29:4:38:Infinity":4,"b:30:6:35:Infinity:33:11:35:Infinity":2,"s:30:6:35:Infinity":5,"s:31:8:31:31":6,"s:34:8:34:31":7,"s:37:6:37:18":8,"s:41:16:41:49":9,"s:42:4:42:Infinity":10,"s:43:4:43:Infinity":11,"s:44:4:44:Infinity":12,"f:51:15:51:25":1,"b:51:42:51:44":3,"b:51:65:51:87":4,"s:58:15:58:29":13,"s:63:4:65:28":14,"b:64:8:64:50:65:9:65:27":5,"b:65:9:65:21:65:25:65:27":6,"s:68:25:70:3":15,"f:69:4:69:5":2,"s:69:11:69:Infinity":16,"s:76:21:76:85":17,"b:76:21:76:52:76:56:76:85":7,"s:77:28:77:106":18,"b:77:28:77:66:77:70:77:106":8,"s:79:4:81:35":19,"b:79:4:79:29:80:4:80:36:81:4:81:35":9,"s:89:4:93:13":20,"b:89:4:89:21:90:4:90:33:91:4:91:15:92:4:92:22:93:4:93:13":10,"s:96:18:96:43":21,"b:100:2:103:Infinity:undefined:undefined:undefined:undefined":11,"s:100:2:103:Infinity":22,"b:100:6:100:21:100:25:100:40":12,"s:101:4:101:Infinity":23,"s:102:4:102:Infinity":24,"s:106:2:106:Infinity":25,"b:109:2:111:Infinity:undefined:undefined:undefined:undefined":13,"s:109:2:111:Infinity":26,"s:110:4:110:Infinity":27,"s:113:14:113:52":28,"s:115:22:115:59":29,"b:115:22:115:53:115:57:115:59":14,"b:119:2:168:Infinity:undefined:undefined:undefined:undefined":15,"s:119:2:168:Infinity":30,"b:122:4:138:Infinity:undefined:undefined:undefined:undefined":16,"s:122:4:138:Infinity":31,"b:122:8:122:26:122:30:122:42":17,"s:123:6:132:Infinity":32,"s:124:8:124:Infinity":33,"s:127:20:127:72":34,"s:128:8:128:Infinity":35,"s:129:8:129:Infinity":36,"s:130:8:130:Infinity":37,"b:130:19:130:34:130:38:130:42":18,"s:131:8:131:Infinity":38,"s:137:6:137:Infinity":39,"s:147:18:147:22":40,"s:148:4:156:Infinity":41,"b:149:6:153:Infinity:151:13:153:Infinity":19,"s:149:6:153:Infinity":42,"s:150:8:150:Infinity":43,"s:152:8:152:Infinity":44,"s:158:16:158:69":45,"s:159:4:159:Infinity":46,"s:160:4:160:Infinity":47,"b:163:4:165:Infinity:undefined:undefined:undefined:undefined":20,"s:163:4:165:Infinity":48,"b:163:8:163:26:163:30:163:43":21,"s:164:6:164:Infinity":49,"s:167:4:167:Infinity":50,"b:171:2:171:Infinity:undefined:undefined:undefined:undefined":22,"s:171:2:171:Infinity":51,"b:171:6:171:24:171:28:171:46":23,"s:171:48:171:Infinity":52,"b:172:2:172:Infinity:undefined:undefined:undefined:undefined":24,"s:172:2:172:Infinity":53,"s:172:48:172:Infinity":54,"s:173:2:173:Infinity":55,"f:178:22:178:30":3,"b:178:47:178:49":25,"s:179:2:179:Infinity":56}}}
,"/workspaces/trade-tracker/frontend/src/config.js": {"path":"/workspaces/trade-tracker/frontend/src/config.js","statementMap":{"0":{"start":{"line":2,"column":23},"end":{"line":2,"column":51}}},"fnMap":{},"branchMap":{},"s":{"0":1},"f":{},"b":{},"meta":{"lastBranch":0,"lastFunction":0,"lastStatement":1,"seen":{"s:2:23:2:51":0}}}
,"/workspaces/trade-tracker/frontend/src/auth/AuthContext.js": {"path":"/workspaces/trade-tracker/frontend/src/auth/AuthContext.js","statementMap":{"0":{"start":{"line":3,"column":26},"end":{"line":3,"column":46}}},"fnMap":{},"branchMap":{},"s":{"0":1},"f":{},"b":{},"meta":{"lastBranch":0,"lastFunction":0,"lastStatement":1,"seen":{"s:3:26:3:46":0}}}
,"/workspaces/trade-tracker/frontend/src/auth/AuthProvider.jsx": {"path":"/workspaces/trade-tracker/frontend/src/auth/AuthProvider.jsx","statementMap":{"0":{"start":{"line":64,"column":22},"end":{"line":64,"column":null}},"1":{"start":{"line":65,"column":30},"end":{"line":65,"column":null}},"2":{"start":{"line":70,"column":8},"end":{"line":73,"column":null}},"3":{"start":{"line":71,"column":16},"end":{"line":71,"column":null}},"4":{"start":{"line":72,"column":4},"end":{"line":72,"column":null}},"5":{"start":{"line":78,"column":8},"end":{"line":104,"column":null}},"6":{"start":{"line":85,"column":4},"end":{"line":85,"column":null}},"7":{"start":{"line":86,"column":4},"end":{"line":103,"column":null}},"8":{"start":{"line":88,"column":6},"end":{"line":91,"column":null}},"9":{"start":{"line":94,"column":17},"end":{"line":94,"column":null}},"10":{"start":{"line":95,"column":6},"end":{"line":95,"column":null}},"11":{"start":{"line":96,"column":6},"end":{"line":96,"column":null}},"12":{"start":{"line":99,"column":6},"end":{"line":99,"column":null}},"13":{"start":{"line":100,"column":6},"end":{"line":100,"column":null}},"14":{"start":{"line":102,"column":6},"end":{"line":102,"column":null}},"15":{"start":{"line":108,"column":8},"end":{"line":128,"column":null}},"16":{"start":{"line":113,"column":4},"end":{"line":113,"column":null}},"17":{"start":{"line":114,"column":4},"end":{"line":127,"column":null}},"18":{"start":{"line":115,"column":19},"end":{"line":118,"column":null}},"19":{"start":{"line":121,"column":6},"end":{"line":121,"column":null}},"20":{"start":{"line":122,"column":6},"end":{"line":122,"column":null}},"21":{"start":{"line":124,"column":6},"end":{"line":124,"column":null}},"22":{"start":{"line":126,"column":6},"end":{"line":126,"column":null}},"23":{"start":{"line":132,"column":8},"end":{"line":146,"column":null}},"24":{"start":{"line":136,"column":4},"end":{"line":136,"column":null}},"25":{"start":{"line":137,"column":4},"end":{"line":145,"column":null}},"26":{"start":{"line":138,"column":6},"end":{"line":138,"column":null}},"27":{"start":{"line":139,"column":6},"end":{"line":139,"column":null}},"28":{"start":{"line":141,"column":6},"end":{"line":141,"column":null}},"29":{"start":{"line":143,"column":6},"end":{"line":143,"column":null}},"30":{"start":{"line":144,"column":6},"end":{"line":144,"column":null}},"31":{"start":{"line":154,"column":2},"end":{"line":180,"column":null}},"32":{"start":{"line":155,"column":20},"end":{"line":155,"column":null}},"33":{"start":{"line":162,"column":6},"end":{"line":162,"column":null}},"34":{"start":{"line":163,"column":6},"end":{"line":171,"column":null}},"35":{"start":{"line":164,"column":19},"end":{"line":164,"column":null}},"36":{"start":{"line":165,"column":8},"end":{"line":165,"column":null}},"37":{"start":{"line":165,"column":24},"end":{"line":165,"column":null}},"38":{"start":{"line":168,"column":8},"end":{"line":168,"column":null}},"39":{"start":{"line":168,"column":24},"end":{"line":168,"column":null}},"40":{"start":{"line":170,"column":8},"end":{"line":170,"column":null}},"41":{"start":{"line":170,"column":24},"end":{"line":170,"column":null}},"42":{"start":{"line":174,"column":4},"end":{"line":174,"column":null}},"43":{"start":{"line":176,"column":4},"end":{"line":179,"column":null}},"44":{"start":{"line":178,"column":6},"end":{"line":178,"column":null}},"45":{"start":{"line":183,"column":8},"end":{"line":193,"column":null}},"46":{"start":{"line":184,"column":11},"end":{"line":191,"column":null}},"47":{"start":{"line":195,"column":2},"end":{"line":196,"column":null}}},"fnMap":{"0":{"name":"AuthProvider","decl":{"start":{"line":62,"column":16},"end":{"line":62,"column":29}},"loc":{"start":{"line":62,"column":43},"end":{"line":202,"column":null}},"line":62},"1":{"name":"(anonymous_1)","decl":{"start":{"line":70,"column":30},"end":{"line":70,"column":42}},"loc":{"start":{"line":70,"column":42},"end":{"line":73,"column":5}},"line":70},"2":{"name":"(anonymous_2)","decl":{"start":{"line":78,"column":28},"end":{"line":78,"column":35}},"loc":{"start":{"line":78,"column":58},"end":{"line":104,"column":5}},"line":78},"3":{"name":"(anonymous_3)","decl":{"start":{"line":108,"column":31},"end":{"line":108,"column":38}},"loc":{"start":{"line":108,"column":61},"end":{"line":128,"column":5}},"line":108},"4":{"name":"(anonymous_4)","decl":{"start":{"line":132,"column":29},"end":{"line":132,"column":41}},"loc":{"start":{"line":132,"column":41},"end":{"line":146,"column":5}},"line":132},"5":{"name":"(anonymous_5)","decl":{"start":{"line":154,"column":12},"end":{"line":154,"column":18}},"loc":{"start":{"line":154,"column":18},"end":{"line":180,"column":5}},"line":154},"6":{"name":"bootstrap","decl":{"start":{"line":157,"column":19},"end":{"line":157,"column":31}},"loc":{"start":{"line":157,"column":31},"end":{"line":172,"column":null}},"line":157},"7":{"name":"(anonymous_7)","decl":{"start":{"line":176,"column":11},"end":{"line":176,"column":17}},"loc":{"start":{"line":176,"column":17},"end":{"line":179,"column":null}},"line":176},"8":{"name":"(anonymous_8)","decl":{"start":{"line":184,"column":4},"end":{"line":184,"column":11}},"loc":{"start":{"line":184,"column":11},"end":{"line":191,"column":null}},"line":184}},"branchMap":{"0":{"loc":{"start":{"line":165,"column":8},"end":{"line":165,"column":null}},"type":"if","locations":[{"start":{"line":165,"column":8},"end":{"line":165,"column":null}},{"start":{},"end":{}}],"line":165},"1":{"loc":{"start":{"line":168,"column":8},"end":{"line":168,"column":null}},"type":"if","locations":[{"start":{"line":168,"column":8},"end":{"line":168,"column":null}},{"start":{},"end":{}}],"line":168},"2":{"loc":{"start":{"line":170,"column":8},"end":{"line":170,"column":null}},"type":"if","locations":[{"start":{"line":170,"column":8},"end":{"line":170,"column":null}},{"start":{},"end":{}}],"line":170}},"s":{"0":27,"1":27,"2":27,"3":14,"4":8,"5":27,"6":4,"7":4,"8":4,"9":3,"10":3,"11":3,"12":1,"13":1,"14":4,"15":27,"16":2,"17":2,"18":2,"19":1,"20":1,"21":1,"22":2,"23":27,"24":2,"25":2,"26":2,"27":1,"28":1,"29":2,"30":2,"31":27,"32":10,"33":10,"34":10,"35":10,"36":4,"37":4,"38":6,"39":6,"40":10,"41":10,"42":10,"43":10,"44":10,"45":27,"46":25,"47":27},"f":{"0":27,"1":14,"2":4,"3":2,"4":2,"5":10,"6":10,"7":10,"8":25},"b":{"0":[4,0],"1":[6,0],"2":[10,0]},"meta":{"lastBranch":3,"lastFunction":9,"lastStatement":48,"seen":{"f:62:16:62:29":0,"s:64:22:64:Infinity":0,"s:65:30:65:Infinity":1,"s:70:8:73:Infinity":2,"f:70:30:70:42":1,"s:71:16:71:Infinity":3,"s:72:4:72:Infinity":4,"s:78:8:104:Infinity":5,"f:78:28:78:35":2,"s:85:4:85:Infinity":6,"s:86:4:103:Infinity":7,"s:88:6:91:Infinity":8,"s:94:17:94:Infinity":9,"s:95:6:95:Infinity":10,"s:96:6:96:Infinity":11,"s:99:6:99:Infinity":12,"s:100:6:100:Infinity":13,"s:102:6:102:Infinity":14,"s:108:8:128:Infinity":15,"f:108:31:108:38":3,"s:113:4:113:Infinity":16,"s:114:4:127:Infinity":17,"s:115:19:118:Infinity":18,"s:121:6:121:Infinity":19,"s:122:6:122:Infinity":20,"s:124:6:124:Infinity":21,"s:126:6:126:Infinity":22,"s:132:8:146:Infinity":23,"f:132:29:132:41":4,"s:136:4:136:Infinity":24,"s:137:4:145:Infinity":25,"s:138:6:138:Infinity":26,"s:139:6:139:Infinity":27,"s:141:6:141:Infinity":28,"s:143:6:143:Infinity":29,"s:144:6:144:Infinity":30,"s:154:2:180:Infinity":31,"f:154:12:154:18":5,"s:155:20:155:Infinity":32,"f:157:19:157:31":6,"s:162:6:162:Infinity":33,"s:163:6:171:Infinity":34,"s:164:19:164:Infinity":35,"b:165:8:165:Infinity:undefined:undefined:undefined:undefined":0,"s:165:8:165:Infinity":36,"s:165:24:165:Infinity":37,"b:168:8:168:Infinity:undefined:undefined:undefined:undefined":1,"s:168:8:168:Infinity":38,"s:168:24:168:Infinity":39,"b:170:8:170:Infinity:undefined:undefined:undefined:undefined":2,"s:170:8:170:Infinity":40,"s:170:24:170:Infinity":41,"s:174:4:174:Infinity":42,"s:176:4:179:Infinity":43,"f:176:11:176:17":7,"s:178:6:178:Infinity":44,"s:183:8:193:Infinity":45,"f:184:4:184:11":8,"s:184:11:191:Infinity":46,"s:195:2:196:Infinity":47}}}
,"/workspaces/trade-tracker/frontend/src/auth/ProtectedRoute.jsx": {"path":"/workspaces/trade-tracker/frontend/src/auth/ProtectedRoute.jsx","statementMap":{"0":{"start":{"line":14,"column":26},"end":{"line":14,"column":null}},"1":{"start":{"line":15,"column":8},"end":{"line":15,"column":null}},"2":{"start":{"line":18,"column":2},"end":{"line":20,"column":null}},"3":{"start":{"line":19,"column":4},"end":{"line":19,"column":null}},"4":{"start":{"line":23,"column":2},"end":{"line":31,"column":null}},"5":{"start":{"line":24,"column":4},"end":{"line":29,"column":null}},"6":{"start":{"line":34,"column":2},"end":{"line":34,"column":null}}},"fnMap":{"0":{"name":"ProtectedRoute","decl":{"start":{"line":13,"column":16},"end":{"line":13,"column":31}},"loc":{"start":{"line":13,"column":45},"end":{"line":35,"column":null}},"line":13}},"branchMap":{"0":{"loc":{"start":{"line":18,"column":2},"end":{"line":20,"column":null}},"type":"if","locations":[{"start":{"line":18,"column":2},"end":{"line":20,"column":null}},{"start":{},"end":{}}],"line":18},"1":{"loc":{"start":{"line":23,"column":2},"end":{"line":31,"column":null}},"type":"if","locations":[{"start":{"line":23,"column":2},"end":{"line":31,"column":null}},{"start":{},"end":{}}],"line":23}},"s":{"0":3,"1":3,"2":3,"3":1,"4":2,"5":1,"6":1},"f":{"0":3},"b":{"0":[1,2],"1":[1,1]},"meta":{"lastBranch":2,"lastFunction":1,"lastStatement":7,"seen":{"f:13:16:13:31":0,"s:14:26:14:Infinity":0,"s:15:8:15:Infinity":1,"b:18:2:20:Infinity:undefined:undefined:undefined:undefined":0,"s:18:2:20:Infinity":2,"s:19:4:19:Infinity":3,"b:23:2:31:Infinity:undefined:undefined:undefined:undefined":1,"s:23:2:31:Infinity":4,"s:24:4:29:Infinity":5,"s:34:2:34:Infinity":6}}}
,"/workspaces/trade-tracker/frontend/src/auth/useAuth.js": {"path":"/workspaces/trade-tracker/frontend/src/auth/useAuth.js","statementMap":{"0":{"start":{"line":8,"column":13},"end":{"line":8,"column":37}},"1":{"start":{"line":9,"column":2},"end":{"line":11,"column":null}},"2":{"start":{"line":10,"column":4},"end":{"line":10,"column":null}},"3":{"start":{"line":12,"column":2},"end":{"line":12,"column":null}}},"fnMap":{"0":{"name":"useAuth","decl":{"start":{"line":7,"column":16},"end":{"line":7,"column":23}},"loc":{"start":{"line":7,"column":26},"end":{"line":13,"column":null}},"line":7}},"branchMap":{"0":{"loc":{"start":{"line":9,"column":2},"end":{"line":11,"column":null}},"type":"if","locations":[{"start":{"line":9,"column":2},"end":{"line":11,"column":null}},{"start":{},"end":{}}],"line":9}},"s":{"0":25,"1":25,"2":0,"3":25},"f":{"0":25},"b":{"0":[0,25]},"meta":{"lastBranch":1,"lastFunction":1,"lastStatement":4,"seen":{"f:7:16:7:23":0,"s:8:13:8:37":0,"b:9:2:11:Infinity:undefined:undefined:undefined:undefined":0,"s:9:2:11:Infinity":1,"s:10:4:10:Infinity":2,"s:12:2:12:Infinity":3}}}
}
